<?xml version="1.0" encoding="UTF-8"?>
<testsuite xmlns:xsi="http://www.w3.org/2001/XMLSchema-instance" xsi:noNamespaceSchemaLocation="https://maven.apache.org/surefire/maven-surefire-plugin/xsd/surefire-test-report.xsd" name="EmployeeTest" time="0.025" tests="7" errors="0" skipped="0" failures="0">
  <properties>
[...]
</properties>
  <testcase name="checkIdVariable" classname="EmployeeTest" time="0.015"/>
  <testcase name="checkAutoIncrementOnId" classname="EmployeeTest" time="0"/>
  <testcase name="checkSetSalary" classname="EmployeeTest" time="0.001"/>
  <testcase name="checkAgeVariable" classname="EmployeeTest" time="0"/>
  <testcase name="checkSalaryVariable" classname="EmployeeTest" time="0"/>
  <testcase name="checkNameVariable" classname="EmployeeTest" time="0"/>
  <testcase name="createEmployee" classname="EmployeeTest" time="0.001"/>
</testsuite>